16.09.2023 17:25:54 - __main__ - INFO - b'Thread-2: Hello World 1'
16.09.2023 17:25:54 - __main__ - INFO - b'Thread-3: Hello World 2'
16.09.2023 17:25:54 - __main__ - INFO - b'Thread-4: Hello World 3'
16.09.2023 17:44:02 - __main__ - INFO - Server was shutdown because running time expired
16.09.2023 17:44:37 - __main__ - INFO - Server was shutdown because running time expired
16.09.2023 17:45:57 - __main__ - INFO - Server was shutdown because running time expired
16.09.2023 17:49:01 - __main__ - INFO - b'Thread-2: Hello World 1'
16.09.2023 17:49:01 - __main__ - INFO - b'Thread-3: Hello World 2'
16.09.2023 17:49:01 - __main__ - INFO - b'Thread-4: Hello World 3'
16.09.2023 17:50:17 - __main__ - INFO - Server was shutdown because running time expired
16.09.2023 17:52:41 - __main__ - INFO - Server was shutdown because running time expired
16.09.2023 17:57:36 - __main__ - INFO - b'Thread-3: Hello World 1'
16.09.2023 17:57:36 - __main__ - INFO - b'Thread-4: Hello World 2'
16.09.2023 17:57:36 - __main__ - INFO - b'Thread-5: Hello World 3'
16.09.2023 17:58:50 - __main__ - INFO - b'Thread-3: Hello World 1'
16.09.2023 17:58:50 - __main__ - INFO - b'Thread-4: Hello World 2'
16.09.2023 17:58:50 - __main__ - INFO - b'Thread-5: Hello World 3'
16.09.2023 17:59:50 - __main__ - INFO - Server was shutdown because running time expired
16.09.2023 18:00:50 - __main__ - INFO - Server was shutdown because running time expired
16.09.2023 18:01:50 - __main__ - INFO - Server was shutdown because running time expired
16.09.2023 18:02:50 - __main__ - INFO - Server was shutdown because running time expired
16.09.2023 18:03:51 - __main__ - INFO - Server was shutdown because running time expired
16.09.2023 18:04:51 - __main__ - INFO - Server was shutdown because running time expired
16.09.2023 18:05:51 - __main__ - INFO - Server was shutdown because running time expired
16.09.2023 18:06:51 - __main__ - INFO - Server was shutdown because running time expired
16.09.2023 18:09:18 - __main__ - INFO - Server was shutdown because running time expired
16.09.2023 18:10:19 - __main__ - INFO - Server was shutdown because running time expired
16.09.2023 18:11:19 - __main__ - INFO - Server was shutdown because running time expired
16.09.2023 18:12:19 - __main__ - INFO - Server was shutdown because running time expired
16.09.2023 18:13:19 - __main__ - INFO - Server was shutdown because running time expired
16.09.2023 18:14:20 - __main__ - INFO - Server was shutdown because running time expired
16.09.2023 18:15:20 - __main__ - INFO - Server was shutdown because running time expired
16.09.2023 18:16:20 - __main__ - INFO - Server was shutdown because running time expired
16.09.2023 18:17:21 - __main__ - INFO - Server was shutdown because running time expired
16.09.2023 18:18:21 - __main__ - INFO - Server was shutdown because running time expired
16.09.2023 18:19:21 - __main__ - INFO - Server was shutdown because running time expired
16.09.2023 18:20:22 - __main__ - INFO - Server was shutdown because running time expired
16.09.2023 18:21:22 - __main__ - INFO - Server was shutdown because running time expired
16.09.2023 18:22:23 - __main__ - INFO - Server was shutdown because running time expired
16.09.2023 18:23:23 - __main__ - INFO - Server was shutdown because running time expired
16.09.2023 18:24:23 - __main__ - INFO - Server was shutdown because running time expired
16.09.2023 18:30:19 - __main__ - INFO - Server was shutdown because running time expired
16.09.2023 18:32:13 - __main__ - INFO - Server was shutdown because running time expired
16.09.2023 18:32:49 - __main__ - INFO - b'Thread-3: Hello World 1'
16.09.2023 18:32:49 - __main__ - INFO - b'Thread-4: Hello World 2'
16.09.2023 18:32:49 - __main__ - INFO - b'Thread-5: Hello World 3'
16.09.2023 18:33:24 - __main__ - INFO - b'Thread-3: Hello World 1'
16.09.2023 18:33:24 - __main__ - INFO - b'Thread-4: Hello World 2'
16.09.2023 18:35:04 - __main__ - INFO - b'Thread-3: Hello World 1'
16.09.2023 18:35:04 - __main__ - INFO - b'Thread-4: Hello World 2'
16.09.2023 18:35:04 - __main__ - INFO - b'Thread-5: Hello World 3'
16.09.2023 18:35:56 - __main__ - INFO - b'Thread-3: Hello World 1'
16.09.2023 18:35:56 - __main__ - INFO - b'Thread-4: Hello World 2'
16.09.2023 18:35:56 - __main__ - INFO - b'Thread-5: Hello World 3'
16.09.2023 18:38:04 - __main__ - INFO - Server loop running in thread:Thread-2
16.09.2023 18:38:04 - __main__ - INFO - Terminate scheduler set for 10 minutes:Thread-2
16.09.2023 18:38:04 - __main__ - INFO - b'Thread-3: Hello World 1'
16.09.2023 18:38:04 - __main__ - INFO - b'Thread-4: Hello World 2'
16.09.2023 18:38:04 - __main__ - INFO - b'Thread-5: Hello World 3'
16.09.2023 20:22:25 - __main__ - INFO - Server loop running in thread:Thread-2
16.09.2023 20:22:25 - __main__ - INFO - Terminate scheduler set for 10 minutes:Thread-2
16.09.2023 20:22:25 - __main__ - INFO - b'Thread-3: Hello World 1'
16.09.2023 20:22:25 - __main__ - INFO - b'Thread-4: Hello World 2'
16.09.2023 20:22:25 - __main__ - INFO - b'Thread-5: Hello World 3'
16.09.2023 20:23:02 - __main__ - INFO - Server loop running in thread:Thread-2
16.09.2023 20:23:02 - __main__ - INFO - Terminate scheduler set for 10 minutes:Thread-2
16.09.2023 20:23:02 - __main__ - INFO - b'Thread-3: Hello World 1'
16.09.2023 20:23:02 - __main__ - INFO - b'Thread-4: Hello World 2'
16.09.2023 20:23:02 - __main__ - INFO - b'Thread-5: Hello World 3'
16.09.2023 20:24:18 - __main__ - INFO - Server loop running in thread:Thread-2
16.09.2023 20:24:18 - __main__ - INFO - Terminate scheduler set for 10 minutes:Thread-2
16.09.2023 20:24:18 - __main__ - INFO - b'Thread-3: Hello World 1'
16.09.2023 20:24:18 - __main__ - INFO - b'Thread-4: Hello World 2'
16.09.2023 20:24:18 - __main__ - INFO - b'Thread-5: Hello World 3'
16.09.2023 23:09:01 - __main__ - INFO - Server loop running in thread:Thread-2
16.09.2023 23:09:01 - __main__ - INFO - Terminate scheduler set for 10 minutes:Thread-2
16.09.2023 23:09:01 - __main__ - INFO - b'Thread-3: Hello World 1'
16.09.2023 23:09:01 - __main__ - INFO - b'Thread-4: Hello World 2'
16.09.2023 23:09:01 - __main__ - INFO - b'Thread-5: Hello World 3'
16.09.2023 23:19:02 - __main__ - INFO - Server was shutdown because running time expired
16.09.2023 23:29:03 - __main__ - INFO - Server was shutdown because running time expired
16.09.2023 23:39:03 - __main__ - INFO - Server was shutdown because running time expired
16.09.2023 23:49:04 - __main__ - INFO - Server was shutdown because running time expired
17.09.2023 01:53:15 - __main__ - INFO - Server was shutdown because running time expired
17.09.2023 02:04:33 - __main__ - INFO - Server was shutdown because running time expired
17.09.2023 02:26:15 - __main__ - INFO - Server was shutdown because running time expired
17.09.2023 03:59:03 - __main__ - INFO - Server was shutdown because running time expired
17.09.2023 04:45:18 - __main__ - INFO - Server was shutdown because running time expired
17.09.2023 06:45:55 - __main__ - INFO - Server was shutdown because running time expired
17.09.2023 08:46:04 - __main__ - INFO - Server was shutdown because running time expired
17.09.2023 09:56:15 - __main__ - INFO - Server was shutdown because running time expired
17.09.2023 10:23:00 - __main__ - INFO - Server was shutdown because running time expired
17.09.2023 10:39:18 - __main__ - INFO - Server was shutdown because running time expired
17.09.2023 10:50:45 - __main__ - INFO - Server was shutdown because running time expired
17.09.2023 11:07:46 - __main__ - INFO - Server was shutdown because running time expired
17.09.2023 11:17:47 - __main__ - INFO - Server was shutdown because running time expired
17.09.2023 11:27:47 - __main__ - INFO - Server was shutdown because running time expired
17.09.2023 11:37:47 - __main__ - INFO - Server was shutdown because running time expired
17.09.2023 11:47:48 - __main__ - INFO - Server was shutdown because running time expired
17.09.2023 11:57:49 - __main__ - INFO - Server was shutdown because running time expired
17.09.2023 12:07:49 - __main__ - INFO - Server was shutdown because running time expired
17.09.2023 12:17:50 - __main__ - INFO - Server was shutdown because running time expired
17.09.2023 12:27:51 - __main__ - INFO - Server was shutdown because running time expired
18.09.2023 12:55:58 - __main__ - INFO - Server loop running in thread:Thread-2
18.09.2023 12:55:58 - __main__ - INFO - Terminate scheduler set for 10 minutes:Thread-2
18.09.2023 12:55:58 - __main__ - INFO - b'Thread-3: Hello World 1'
18.09.2023 12:55:58 - __main__ - INFO - b'Thread-4: Hello World 2'
18.09.2023 12:55:58 - __main__ - INFO - b'Thread-5: Hello World 3'
18.09.2023 13:05:58 - __main__ - INFO - Server was shutdown because running time expired
18.09.2023 13:23:50 - __main__ - INFO - b'Thread-2: Hello World 1'
18.09.2023 13:23:50 - __main__ - INFO - b'Thread-3: Hello World 2'
18.09.2023 13:23:50 - __main__ - INFO - b'Thread-4: Hello World 3'
20.09.2023 18:15:33 - __main__ - INFO - Server loop running in thread:Thread-2
20.09.2023 18:15:33 - __main__ - INFO - Terminate scheduler set for 10 minutes:Thread-2
20.09.2023 18:15:33 - __main__ - INFO - b'Thread-3: Hello World 1'
20.09.2023 18:15:33 - __main__ - INFO - b'Thread-4: Hello World 2'
20.09.2023 18:15:33 - __main__ - INFO - b'Thread-5: Hello World 3'
20.09.2023 18:16:47 - __main__ - INFO - Server loop running in thread:Thread-2
20.09.2023 18:16:47 - __main__ - INFO - Terminate scheduler set for 10 minutes:Thread-2
20.09.2023 18:16:47 - __main__ - INFO - b'Thread-3: Hello World 1'
20.09.2023 18:16:47 - __main__ - INFO - b'Thread-4: Hello World 2'
20.09.2023 18:16:47 - __main__ - INFO - b'Thread-5: Hello World 3'
20.09.2023 18:26:48 - __main__ - INFO - Server was shutdown because running time expired
20.09.2023 18:42:14 - __main__ - INFO - Server loop running in thread:MainThread
20.09.2023 18:42:14 - __main__ - INFO - Terminate scheduler set for 1 minutes:MainThread
20.09.2023 18:43:14 - __main__ - INFO - Server was shutdown because running time expired
20.09.2023 18:44:15 - __main__ - INFO - Server was shutdown because running time expired
20.09.2023 18:45:10 - __main__ - INFO - Server loop running in thread:MainThread
20.09.2023 18:45:10 - __main__ - INFO - Terminate scheduler set for 1 minutes:MainThread
20.09.2023 18:46:10 - __main__ - INFO - Server was shutdown because running time expired
20.09.2023 18:47:06 - __main__ - INFO - Server loop running in thread:MainThread
20.09.2023 18:47:06 - __main__ - INFO - Terminate scheduler set for 1 minutes:MainThread
20.09.2023 18:47:10 - __main__ - INFO - b'MainThread: Hello World 1'
20.09.2023 18:47:10 - __main__ - INFO - b'MainThread: Hello World 2'
20.09.2023 18:47:10 - __main__ - INFO - b'MainThread: Hello World 3'
20.09.2023 18:48:02 - __main__ - INFO - Server loop running in thread:MainThread
20.09.2023 18:48:02 - __main__ - INFO - Terminate scheduler set for 1 minutes:MainThread
20.09.2023 18:48:08 - __main__ - INFO - b'MainThread: Hello World 1'
20.09.2023 18:48:08 - __main__ - INFO - b'MainThread: Hello World 2'
20.09.2023 18:48:08 - __main__ - INFO - b'MainThread: Hello World 3'
20.09.2023 18:49:03 - __main__ - INFO - Server was shutdown because running time expired
20.09.2023 18:50:03 - __main__ - INFO - Server was shutdown because running time expired
20.09.2023 18:51:03 - __main__ - INFO - Server was shutdown because running time expired
20.09.2023 18:52:04 - __main__ - INFO - Server was shutdown because running time expired
20.09.2023 19:20:57 - __main__ - INFO - Server loop running in thread:MainThread
20.09.2023 19:20:57 - __main__ - INFO - Terminate scheduler set for 180 minutes:MainThread
20.09.2023 19:21:08 - __main__ - INFO - Server loop running in thread:MainThread
20.09.2023 19:21:08 - __main__ - INFO - Terminate scheduler set for 1 minutes:MainThread
20.09.2023 19:22:08 - __main__ - INFO - Server was shutdown because running time expired
20.09.2023 19:23:09 - __main__ - INFO - Server was shutdown because running time expired
20.09.2023 19:23:58 - __main__ - INFO - Server loop running in thread:MainThread
20.09.2023 19:23:58 - __main__ - INFO - Terminate scheduler set for 1 minutes:MainThread
20.09.2023 19:24:59 - __main__ - INFO - Server was shutdown because running time expired
21.09.2023 20:56:08 - __main__ - INFO - Server loop running in thread:MainThread
21.09.2023 20:56:08 - __main__ - INFO - Terminate scheduler set for 1 minutes:MainThread
21.09.2023 20:57:08 - __main__ - INFO - Server was shutdown because running time expired
21.09.2023 20:57:38 - __main__ - INFO - Server loop running in thread:MainThread
21.09.2023 20:57:38 - __main__ - INFO - Terminate scheduler set for 1 minutes:MainThread
21.09.2023 20:58:32 - __main__ - INFO - b"MainThread: b'Hello World 1'"
21.09.2023 20:58:32 - __main__ - INFO - b"MainThread: b'Hello World 2'"
21.09.2023 20:58:32 - __main__ - INFO - b"MainThread: b'Hello World 3'"
21.09.2023 20:58:38 - __main__ - INFO - Server was shutdown because running time expired
21.09.2023 21:00:44 - __main__ - INFO - Server loop running in thread:MainThread
21.09.2023 21:00:44 - __main__ - INFO - Terminate scheduler set for 1 minutes:MainThread
21.09.2023 21:00:48 - __main__ - INFO - b'Hello World 1'
21.09.2023 21:00:48 - __main__ - INFO - b"MainThread: b'Hello World 1'"
21.09.2023 21:00:48 - __main__ - INFO - b'Hello World 2'
21.09.2023 21:00:48 - __main__ - INFO - b"MainThread: b'Hello World 2'"
21.09.2023 21:00:48 - __main__ - INFO - b'Hello World 3'
21.09.2023 21:00:48 - __main__ - INFO - b"MainThread: b'Hello World 3'"
21.09.2023 21:01:44 - __main__ - INFO - Server was shutdown because running time expired
21.09.2023 21:03:09 - __main__ - INFO - Server loop running in thread:MainThread
21.09.2023 21:03:09 - __main__ - INFO - Terminate scheduler set for 1 minutes:MainThread
21.09.2023 21:03:13 - __main__ - INFO - 48656c6c6f20576f726c642031
21.09.2023 21:03:13 - __main__ - INFO - b"MainThread: b'Hello World 1'"
21.09.2023 21:03:13 - __main__ - INFO - 48656c6c6f20576f726c642032
21.09.2023 21:03:13 - __main__ - INFO - b"MainThread: b'Hello World 2'"
21.09.2023 21:03:13 - __main__ - INFO - 48656c6c6f20576f726c642033
21.09.2023 21:03:13 - __main__ - INFO - b"MainThread: b'Hello World 3'"
